********************************************************************************
*                             Initializing Cubiquity                           *
********************************************************************************
[08:30:25, Info   ]: Creating voxel database from 'C:/Users/melsov/Documents/unities/_noodles/CubiqTest/Assets/StreamingAssets/Cubiquity/VoxelDatabases/Examples/VoxeliensColoredCubes.vdb'
[08:36:43, Info   ]: Creating voxel database from 'C:/Users/melsov/Documents/unities/_noodles/CubiqTest/Assets/StreamingAssets/Cubiquity/VoxelDatabases/AwesomeVolumeName.vdb'
[08:37:03, Info   ]: Creating voxel database from 'C:/Users/melsov/Documents/unities/_noodles/CubiqTest/Assets/StreamingAssets/Cubiquity/VoxelDatabases/Examples/VoxeliensColoredCubes.vdb'
[08:54:31, Info   ]: Creating voxel database from 'C:/Users/melsov/Documents/unities/_noodles/CubiqTest/Assets/StreamingAssets/Cubiquity/VoxelDatabases/Examples/VoxeliensColoredCubes.vdb'
[08:55:03, Info   ]: Creating voxel database from 'C:/Users/melsov/Documents/unities/_noodles/CubiqTest/Assets/StreamingAssets/Cubiquity/VoxelDatabases/AwesomeVolumeName.vdb'
[08:55:04, Info   ]: Resizing compressed data buffer to 144307bytes. This should only happen once
[08:55:24, Info   ]: Creating voxel database from 'C:/Users/melsov/Documents/unities/_noodles/CubiqTest/Assets/StreamingAssets/Cubiquity/VoxelDatabases/Examples/VoxeliensColoredCubes.vdb'
[08:57:36, Info   ]: Creating voxel database from 'C:/Users/melsov/Documents/unities/_noodles/CubiqTest/Assets/StreamingAssets/Cubiquity/VoxelDatabases/AwesomeVolumeName.vdb'
[08:57:37, Info   ]: Resizing compressed data buffer to 144307bytes. This should only happen once
[08:57:51, Info   ]: Creating voxel database from 'C:/Users/melsov/Documents/unities/_noodles/CubiqTest/Assets/StreamingAssets/Cubiquity/VoxelDatabases/Examples/VoxeliensColoredCubes.vdb'
[08:58:08, Info   ]: Creating voxel database from 'C:/Users/melsov/Documents/unities/_noodles/CubiqTest/Assets/StreamingAssets/Cubiquity/VoxelDatabases/AwesomeVolumeName.vdb'
[08:58:27, Info   ]: Creating voxel database from 'C:/Users/melsov/Documents/unities/_noodles/CubiqTest/Assets/StreamingAssets/Cubiquity/VoxelDatabases/Examples/VoxeliensColoredCubes.vdb'
[08:58:37, Info   ]: Creating voxel database from 'C:/Users/melsov/Documents/unities/_noodles/CubiqTest/Assets/StreamingAssets/Cubiquity/VoxelDatabases/AwesomeVolumeName.vdb'
[08:59:03, Info   ]: Creating voxel database from 'C:/Users/melsov/Documents/unities/_noodles/CubiqTest/Assets/StreamingAssets/Cubiquity/VoxelDatabases/Examples/VoxeliensColoredCubes.vdb'
[08:59:42, Info   ]: Creating empty voxel database as 'C:/Users/melsov/Documents/unities/_noodles/CubiqTest/Assets/StreamingAssets/Cubiquity/VoxelDatabases/AwesomeVolumeName.vdb'
[09:00:07, Info   ]: Creating voxel database from 'C:/Users/melsov/Documents/unities/_noodles/CubiqTest/Assets/StreamingAssets/Cubiquity/VoxelDatabases/Examples/VoxeliensColoredCubes.vdb'
[09:00:50, Info   ]: Creating voxel database from 'C:/Users/melsov/Documents/unities/_noodles/CubiqTest/Assets/StreamingAssets/Cubiquity/VoxelDatabases/Examples/VoxeliensColoredCubes.vdb'
[09:00:54, Info   ]: Creating empty voxel database as 'C:/Users/melsov/Documents/unities/_noodles/CubiqTest/Assets/StreamingAssets/Cubiquity/VoxelDatabases/AwesomeVolumeName.vdb'
[09:00:55, Info   ]: Resizing compressed data buffer to 144307bytes. This should only happen once
[09:01:20, Info   ]: Creating voxel database from 'C:/Users/melsov/Documents/unities/_noodles/CubiqTest/Assets/StreamingAssets/Cubiquity/VoxelDatabases/Examples/VoxeliensColoredCubes.vdb'
[09:01:25, Info   ]: Creating voxel database from 'C:/Users/melsov/Documents/unities/_noodles/CubiqTest/Assets/StreamingAssets/Cubiquity/VoxelDatabases/AwesomeVolumeName.vdb'
[09:01:27, Info   ]: Resizing compressed data buffer to 144307bytes. This should only happen once
[09:01:47, Info   ]: Creating voxel database from 'C:/Users/melsov/Documents/unities/_noodles/CubiqTest/Assets/StreamingAssets/Cubiquity/VoxelDatabases/Examples/VoxeliensColoredCubes.vdb'
[09:03:15, Info   ]: Creating voxel database from 'C:/Users/melsov/Documents/unities/_noodles/CubiqTest/Assets/StreamingAssets/Cubiquity/VoxelDatabases/Examples/VoxeliensColoredCubes.vdb'
[09:03:32, Info   ]: Creating voxel database from 'C:/Users/melsov/Documents/unities/_noodles/CubiqTest/Assets/StreamingAssets/Cubiquity/VoxelDatabases/AwesomeVolumeName.vdb'
[09:03:33, Info   ]: Resizing compressed data buffer to 144307bytes. This should only happen once
[09:03:53, Info   ]: Creating voxel database from 'C:/Users/melsov/Documents/unities/_noodles/CubiqTest/Assets/StreamingAssets/Cubiquity/VoxelDatabases/Examples/VoxeliensColoredCubes.vdb'
[09:09:18, Info   ]: Creating empty voxel database as 'C:/Users/melsov/Documents/unities/_noodles/CubiqTest/Assets/StreamingAssets/Cubiquity/VoxelDatabases/AwesomeVolumeName.vdb'
[09:09:20, Info   ]: Resizing compressed data buffer to 144307bytes. This should only happen once
[09:10:10, Info   ]: Creating voxel database from 'C:/Users/melsov/Documents/unities/_noodles/CubiqTest/Assets/StreamingAssets/Cubiquity/VoxelDatabases/Matt-test.vdb'
[09:10:10, Error  ]: Encountered 'unable to open database file' (error code 14) when executing 'sqlite3_open_v2(pathToExistingVoxelDatabase.c_str(), &(voxelDatabase->mDatabase), flags, NULL)'
[09:10:10, Error  ]: Caught 'DatabaseError' at C interface. Message reads: "Encountered 'unable to open database file' (error code 14) when executing 'sqlite3_open_v2(pathToExistingVoxelDatabase.c_str(), &(voxelDatabase->mDatabase), flags, NULL)'"
[09:10:13, Info   ]: Creating voxel database from 'C:/Users/melsov/Documents/unities/_noodles/CubiqTest/Assets/StreamingAssets/Cubiquity/VoxelDatabases/Examples/VoxeliensColoredCubes.vdb'
[09:12:28, Info   ]: Creating voxel database from 'C:/Users/melsov/Documents/unities/_noodles/CubiqTest/Assets/StreamingAssets/Cubiquity/VoxelDatabases/Examples/VoxeliensColoredCubes.vdb'
[09:12:40, Info   ]: Creating voxel database from 'C:/Users/melsov/Documents/unities/_noodles/CubiqTest/Assets/StreamingAssets/Cubiquity/VoxelDatabases/AwesomeVolumeName.vdb'
[09:12:41, Info   ]: Resizing compressed data buffer to 144307bytes. This should only happen once
[09:12:49, Info   ]: Creating voxel database from 'C:/Users/melsov/Documents/unities/_noodles/CubiqTest/Assets/StreamingAssets/Cubiquity/VoxelDatabases/Examples/VoxeliensColoredCubes.vdb'
[09:15:46, Info   ]: Creating voxel database from 'C:/Users/melsov/Documents/unities/_noodles/CubiqTest/Assets/StreamingAssets/Cubiquity/VoxelDatabases/Examples/VoxeliensColoredCubes.vdb'
[09:15:49, Info   ]: Creating voxel database from 'C:/Users/melsov/Documents/unities/_noodles/CubiqTest/Assets/StreamingAssets/Cubiquity/VoxelDatabases/AwesomeVolumeName.vdb'
[09:15:51, Info   ]: Resizing compressed data buffer to 144307bytes. This should only happen once
[09:15:51, Info   ]: Creating voxel database from 'C:/Users/melsov/Documents/unities/_noodles/CubiqTest/Assets/StreamingAssets/Cubiquity/VoxelDatabases/Examples/VoxeliensColoredCubes.vdb'
[09:16:00, Info   ]: Creating voxel database from 'C:/Users/melsov/Documents/unities/_noodles/CubiqTest/Assets/StreamingAssets/Cubiquity/VoxelDatabases/Examples/VoxeliensColoredCubes.vdb'
[09:17:20, Info   ]: Creating voxel database from 'C:/Users/melsov/Documents/unities/_noodles/CubiqTest/Assets/StreamingAssets/Cubiquity/VoxelDatabases/Examples/VoxeliensColoredCubes.vdb'
[09:17:30, Info   ]: Creating voxel database from 'C:/Users/melsov/Documents/unities/_noodles/CubiqTest/Assets/StreamingAssets/Cubiquity/VoxelDatabases/AwesomeVolumeName.vdb'
[09:17:38, Info   ]: Creating voxel database from 'C:/Users/melsov/Documents/unities/_noodles/CubiqTest/Assets/StreamingAssets/Cubiquity/VoxelDatabases/Examples/VoxeliensColoredCubes.vdb'
[09:19:05, Info   ]: Creating voxel database from 'C:/Users/melsov/Documents/unities/_noodles/CubiqTest/Assets/StreamingAssets/Cubiquity/VoxelDatabases/AwesomeVolumeName.vdb'
[09:19:21, Info   ]: Creating voxel database from 'C:/Users/melsov/Documents/unities/_noodles/CubiqTest/Assets/StreamingAssets/Cubiquity/VoxelDatabases/Matt-test.vdb'
[09:19:21, Error  ]: Encountered 'unable to open database file' (error code 14) when executing 'sqlite3_open_v2(pathToExistingVoxelDatabase.c_str(), &(voxelDatabase->mDatabase), flags, NULL)'
[09:19:21, Error  ]: Caught 'DatabaseError' at C interface. Message reads: "Encountered 'unable to open database file' (error code 14) when executing 'sqlite3_open_v2(pathToExistingVoxelDatabase.c_str(), &(voxelDatabase->mDatabase), flags, NULL)'"
[09:19:25, Info   ]: Creating voxel database from 'C:/Users/melsov/Documents/unities/_noodles/CubiqTest/Assets/StreamingAssets/Cubiquity/VoxelDatabases/75AF928A.vdb'
[09:21:49, Info   ]: Creating voxel database from 'C:/Users/melsov/Documents/unities/_noodles/CubiqTest/Assets/StreamingAssets/Cubiquity/VoxelDatabases/75AF928A.vdb'
[09:22:01, Info   ]: Creating empty voxel database as 'C:/Users/melsov/Documents/unities/_noodles/CubiqTest/Assets/StreamingAssets/Cubiquity/VoxelDatabases/AwesomeVolumeName55723.vdb'
[09:22:03, Info   ]: Resizing compressed data buffer to 144307bytes. This should only happen once
[09:22:16, Info   ]: Creating voxel database from 'C:/Users/melsov/Documents/unities/_noodles/CubiqTest/Assets/StreamingAssets/Cubiquity/VoxelDatabases/75AF928A.vdb'
[09:24:25, Info   ]: Creating voxel database from 'C:/Users/melsov/Documents/unities/_noodles/CubiqTest/Assets/StreamingAssets/Cubiquity/VoxelDatabases/75AF928A.vdb'
[09:24:39, Info   ]: Creating empty voxel database as 'C:/Users/melsov/Documents/unities/_noodles/CubiqTest/Assets/StreamingAssets/Cubiquity/VoxelDatabases/AwesomeVolumeName42499.vdb'
[09:24:41, Info   ]: Resizing compressed data buffer to 144307bytes. This should only happen once
[09:24:53, Info   ]: Creating voxel database from 'C:/Users/melsov/Documents/unities/_noodles/CubiqTest/Assets/StreamingAssets/Cubiquity/VoxelDatabases/75AF928A.vdb'
[09:33:44, Info   ]: Creating voxel database from 'C:/Users/melsov/Documents/unities/_noodles/CubiqTest/Assets/StreamingAssets/Cubiquity/VoxelDatabases/75AF928A.vdb'
[09:36:46, Info   ]: Creating empty voxel database as 'C:/Users/melsov/Documents/unities/_noodles/CubiqTest/Assets/StreamingAssets/Cubiquity/VoxelDatabases/AwesomeVolumeName8281.vdb'
[09:36:48, Info   ]: Resizing compressed data buffer to 144307bytes. This should only happen once
[09:36:53, Info   ]: Creating voxel database from 'C:/Users/melsov/Documents/unities/_noodles/CubiqTest/Assets/StreamingAssets/Cubiquity/VoxelDatabases/75AF928A.vdb'
[09:37:19, Info   ]: Creating voxel database from 'C:/Users/melsov/Documents/unities/_noodles/CubiqTest/Assets/StreamingAssets/Cubiquity/VoxelDatabases/75AF928A.vdb'
[09:37:23, Info   ]: Creating voxel database from 'C:/Users/melsov/Documents/unities/_noodles/CubiqTest/Assets/StreamingAssets/Cubiquity/VoxelDatabases/AwesomeVolumeName.vdb'
[09:37:24, Info   ]: Resizing compressed data buffer to 144307bytes. This should only happen once
[09:37:33, Info   ]: Creating voxel database from 'C:/Users/melsov/Documents/unities/_noodles/CubiqTest/Assets/StreamingAssets/Cubiquity/VoxelDatabases/75AF928A.vdb'
[09:37:43, Info   ]: Creating voxel database from 'C:/Users/melsov/Documents/unities/_noodles/CubiqTest/Assets/StreamingAssets/Cubiquity/VoxelDatabases/AwesomeVolumeName.vdb'
[09:37:45, Info   ]: Resizing compressed data buffer to 144307bytes. This should only happen once
[09:37:50, Info   ]: Creating voxel database from 'C:/Users/melsov/Documents/unities/_noodles/CubiqTest/Assets/StreamingAssets/Cubiquity/VoxelDatabases/75AF928A.vdb'
[09:39:37, Info   ]: Creating voxel database from 'C:/Users/melsov/Documents/unities/_noodles/CubiqTest/Assets/StreamingAssets/Cubiquity/VoxelDatabases/75AF928A.vdb'
[09:40:02, Info   ]: Creating voxel database from 'C:/Users/melsov/Documents/unities/_noodles/CubiqTest/Assets/StreamingAssets/Cubiquity/VoxelDatabases/75AF928A.vdb'
[09:40:13, Info   ]: Creating voxel database from 'C:/Users/melsov/Documents/unities/_noodles/CubiqTest/Assets/StreamingAssets/Cubiquity/VoxelDatabases/AwesomeVolumeName.vdb'
[09:40:14, Info   ]: Resizing compressed data buffer to 144307bytes. This should only happen once
[09:40:27, Info   ]: Creating voxel database from 'C:/Users/melsov/Documents/unities/_noodles/CubiqTest/Assets/StreamingAssets/Cubiquity/VoxelDatabases/75AF928A.vdb'
[09:40:51, Info   ]: Creating empty voxel database as 'C:/Users/melsov/Documents/unities/_noodles/CubiqTest/Assets/StreamingAssets/Cubiquity/VoxelDatabases/AwesomeVolumeName.vdb'
[09:40:53, Info   ]: Resizing compressed data buffer to 144307bytes. This should only happen once
[09:40:55, Info   ]: Creating voxel database from 'C:/Users/melsov/Documents/unities/_noodles/CubiqTest/Assets/StreamingAssets/Cubiquity/VoxelDatabases/75AF928A.vdb'
[09:41:31, Info   ]: Creating voxel database from 'C:/Users/melsov/Documents/unities/_noodles/CubiqTest/Assets/StreamingAssets/Cubiquity/VoxelDatabases/75AF928A.vdb'
[09:42:54, Info   ]: Creating voxel database from 'C:/Users/melsov/Documents/unities/_noodles/CubiqTest/Assets/StreamingAssets/Cubiquity/VoxelDatabases/75AF928A.vdb'
[09:42:58, Info   ]: Creating voxel database from 'C:/Users/melsov/Documents/unities/_noodles/CubiqTest/Assets/StreamingAssets/Cubiquity/VoxelDatabases/AwesomeVolumeName.vdb'
[09:42:59, Info   ]: Resizing compressed data buffer to 144307bytes. This should only happen once
[09:43:11, Info   ]: Creating voxel database from 'C:/Users/melsov/Documents/unities/_noodles/CubiqTest/Assets/StreamingAssets/Cubiquity/VoxelDatabases/75AF928A.vdb'
[09:43:33, Info   ]: Creating empty voxel database as 'C:/Users/melsov/Documents/unities/_noodles/CubiqTest/Assets/StreamingAssets/Cubiquity/VoxelDatabases/AwesomeVolumeName2.vdb'
[09:43:35, Info   ]: Resizing compressed data buffer to 144307bytes. This should only happen once
[09:43:40, Info   ]: Creating voxel database from 'C:/Users/melsov/Documents/unities/_noodles/CubiqTest/Assets/StreamingAssets/Cubiquity/VoxelDatabases/75AF928A.vdb'
[09:45:24, Info   ]: Creating voxel database from 'C:/Users/melsov/Documents/unities/_noodles/CubiqTest/Assets/StreamingAssets/Cubiquity/VoxelDatabases/75AF928A.vdb'
[09:45:40, Info   ]: Creating empty voxel database as 'C:/Users/melsov/Documents/unities/_noodles/CubiqTest/Assets/StreamingAssets/Cubiquity/VoxelDatabases/AwesomeVolumeName2.vdb'
[09:45:42, Info   ]: Resizing compressed data buffer to 144307bytes. This should only happen once
[09:45:51, Info   ]: Creating voxel database from 'C:/Users/melsov/Documents/unities/_noodles/CubiqTest/Assets/StreamingAssets/Cubiquity/VoxelDatabases/75AF928A.vdb'
[09:46:53, Info   ]: Creating voxel database from 'C:/Users/melsov/Documents/unities/_noodles/CubiqTest/Assets/StreamingAssets/Cubiquity/VoxelDatabases/AwesomeVolumeName2.vdb'
[09:46:54, Info   ]: Resizing compressed data buffer to 144307bytes. This should only happen once
[09:46:59, Info   ]: Creating voxel database from 'C:/Users/melsov/Documents/unities/_noodles/CubiqTest/Assets/StreamingAssets/Cubiquity/VoxelDatabases/75AF928A.vdb'
[09:57:18, Info   ]: Creating voxel database from 'C:/Users/melsov/Documents/unities/_noodles/CubiqTest/Assets/StreamingAssets/Cubiquity/VoxelDatabases/75AF928A.vdb'
[09:57:36, Info   ]: Creating voxel database from 'C:/Users/melsov/Documents/unities/_noodles/CubiqTest/Assets/StreamingAssets/Cubiquity/VoxelDatabases/AwesomeVolumeName2.vdb'
[09:57:38, Info   ]: Resizing compressed data buffer to 144307bytes. This should only happen once
[09:57:43, Info   ]: Creating voxel database from 'C:/Users/melsov/Documents/unities/_noodles/CubiqTest/Assets/StreamingAssets/Cubiquity/VoxelDatabases/75AF928A.vdb'
[09:58:06, Info   ]: Creating voxel database from 'C:/Users/melsov/Documents/unities/_noodles/CubiqTest/Assets/StreamingAssets/Cubiquity/VoxelDatabases/AwesomeVolumeName2.vdb'
[09:58:07, Info   ]: Resizing compressed data buffer to 144307bytes. This should only happen once
[09:58:16, Info   ]: Creating voxel database from 'C:/Users/melsov/Documents/unities/_noodles/CubiqTest/Assets/StreamingAssets/Cubiquity/VoxelDatabases/75AF928A.vdb'
[09:58:27, Info   ]: Creating voxel database from 'C:/Users/melsov/Documents/unities/_noodles/CubiqTest/Assets/StreamingAssets/Cubiquity/VoxelDatabases/AwesomeVolumeName2.vdb'
[09:58:29, Info   ]: Resizing compressed data buffer to 144307bytes. This should only happen once
[09:58:33, Info   ]: Creating voxel database from 'C:/Users/melsov/Documents/unities/_noodles/CubiqTest/Assets/StreamingAssets/Cubiquity/VoxelDatabases/75AF928A.vdb'
[10:04:29, Info   ]: Creating voxel database from 'C:/Users/melsov/Documents/unities/_noodles/CubiqTest/Assets/StreamingAssets/Cubiquity/VoxelDatabases/75AF928A.vdb'
[10:04:54, Info   ]: Creating voxel database from 'C:/Users/melsov/Documents/unities/_noodles/CubiqTest/Assets/StreamingAssets/Cubiquity/VoxelDatabases/Matt-test.vdb'
[10:04:54, Error  ]: Encountered 'unable to open database file' (error code 14) when executing 'sqlite3_open_v2(pathToExistingVoxelDatabase.c_str(), &(voxelDatabase->mDatabase), flags, NULL)'
[10:04:54, Error  ]: Caught 'DatabaseError' at C interface. Message reads: "Encountered 'unable to open database file' (error code 14) when executing 'sqlite3_open_v2(pathToExistingVoxelDatabase.c_str(), &(voxelDatabase->mDatabase), flags, NULL)'"
[10:17:36, Info   ]: Creating voxel database from 'C:/Users/melsov/Documents/unities/_noodles/CubiqTest/Assets/StreamingAssets/Cubiquity/VoxelDatabases/75AF928A.vdb'
[10:17:40, Info   ]: Creating voxel database from 'C:/Users/melsov/Documents/unities/_noodles/CubiqTest/Assets/StreamingAssets/Cubiquity/VoxelDatabases/AwesomeVolumeName2.vdb'
[10:17:51, Info   ]: Creating voxel database from 'C:/Users/melsov/Documents/unities/_noodles/CubiqTest/Assets/StreamingAssets/Cubiquity/VoxelDatabases/75AF928A.vdb'
[10:19:00, Info   ]: Creating voxel database from 'C:/Users/melsov/Documents/unities/_noodles/CubiqTest/Assets/StreamingAssets/Cubiquity/VoxelDatabases/75AF928A.vdb'
[10:19:09, Info   ]: Creating voxel database from 'C:/Users/melsov/Documents/unities/_noodles/CubiqTest/Assets/StreamingAssets/Cubiquity/VoxelDatabases/AwesomeVolumeName2.vdb'
[10:19:10, Info   ]: Resizing compressed data buffer to 144307bytes. This should only happen once
[10:19:17, Info   ]: Creating voxel database from 'C:/Users/melsov/Documents/unities/_noodles/CubiqTest/Assets/StreamingAssets/Cubiquity/VoxelDatabases/75AF928A.vdb'
[10:19:28, Info   ]: Creating voxel database from 'C:/Users/melsov/Documents/unities/_noodles/CubiqTest/Assets/StreamingAssets/Cubiquity/VoxelDatabases/AwesomeVolumeName2.vdb'
[10:19:29, Info   ]: Resizing compressed data buffer to 144307bytes. This should only happen once
[10:19:41, Info   ]: Creating voxel database from 'C:/Users/melsov/Documents/unities/_noodles/CubiqTest/Assets/StreamingAssets/Cubiquity/VoxelDatabases/75AF928A.vdb'
[10:25:04, Info   ]: Creating voxel database from 'C:/Users/melsov/Documents/unities/_noodles/CubiqTest/Assets/StreamingAssets/Cubiquity/VoxelDatabases/75AF928A.vdb'
[10:25:19, Info   ]: Creating voxel database from 'C:/Users/melsov/Documents/unities/_noodles/CubiqTest/Assets/StreamingAssets/Cubiquity/VoxelDatabases/AwesomeVolumeName2.vdb'
[10:25:21, Info   ]: Resizing compressed data buffer to 144307bytes. This should only happen once
[10:25:29, Info   ]: Creating voxel database from 'C:/Users/melsov/Documents/unities/_noodles/CubiqTest/Assets/StreamingAssets/Cubiquity/VoxelDatabases/75AF928A.vdb'
[10:25:38, Info   ]: Creating voxel database from 'C:/Users/melsov/Documents/unities/_noodles/CubiqTest/Assets/StreamingAssets/Cubiquity/VoxelDatabases/AwesomeVolumeName2.vdb'
[10:25:39, Info   ]: Resizing compressed data buffer to 144307bytes. This should only happen once
[10:25:49, Info   ]: Creating voxel database from 'C:/Users/melsov/Documents/unities/_noodles/CubiqTest/Assets/StreamingAssets/Cubiquity/VoxelDatabases/75AF928A.vdb'
[10:26:41, Info   ]: Creating voxel database from 'C:/Users/melsov/Documents/unities/_noodles/CubiqTest/Assets/StreamingAssets/Cubiquity/VoxelDatabases/75AF928A.vdb'
[10:26:50, Info   ]: Creating voxel database from 'C:/Users/melsov/Documents/unities/_noodles/CubiqTest/Assets/StreamingAssets/Cubiquity/VoxelDatabases/AwesomeVolumeName2.vdb'
[10:26:51, Info   ]: Resizing compressed data buffer to 144307bytes. This should only happen once
[10:26:55, Info   ]: Creating voxel database from 'C:/Users/melsov/Documents/unities/_noodles/CubiqTest/Assets/StreamingAssets/Cubiquity/VoxelDatabases/75AF928A.vdb'
[10:27:04, Info   ]: Creating voxel database from 'C:/Users/melsov/Documents/unities/_noodles/CubiqTest/Assets/StreamingAssets/Cubiquity/VoxelDatabases/AwesomeVolumeName2.vdb'
[10:27:05, Info   ]: Resizing compressed data buffer to 144307bytes. This should only happen once
[10:27:15, Info   ]: Creating voxel database from 'C:/Users/melsov/Documents/unities/_noodles/CubiqTest/Assets/StreamingAssets/Cubiquity/VoxelDatabases/75AF928A.vdb'
[10:27:37, Info   ]: Creating voxel database from 'C:/Users/melsov/Documents/unities/_noodles/CubiqTest/Assets/StreamingAssets/Cubiquity/VoxelDatabases/75AF928A.vdb'
[10:27:44, Info   ]: Creating voxel database from 'C:/Users/melsov/Documents/unities/_noodles/CubiqTest/Assets/StreamingAssets/Cubiquity/VoxelDatabases/AwesomeVolumeName2.vdb'
[10:27:46, Info   ]: Resizing compressed data buffer to 144307bytes. This should only happen once
[10:27:55, Info   ]: Creating voxel database from 'C:/Users/melsov/Documents/unities/_noodles/CubiqTest/Assets/StreamingAssets/Cubiquity/VoxelDatabases/75AF928A.vdb'
[10:28:40, Info   ]: Creating voxel database from 'C:/Users/melsov/Documents/unities/_noodles/CubiqTest/Assets/StreamingAssets/Cubiquity/VoxelDatabases/75AF928A.vdb'
[10:28:47, Info   ]: Creating voxel database from 'C:/Users/melsov/Documents/unities/_noodles/CubiqTest/Assets/StreamingAssets/Cubiquity/VoxelDatabases/AwesomeVolumeName2.vdb'
[10:28:48, Info   ]: Resizing compressed data buffer to 144307bytes. This should only happen once
[10:28:58, Info   ]: Creating voxel database from 'C:/Users/melsov/Documents/unities/_noodles/CubiqTest/Assets/StreamingAssets/Cubiquity/VoxelDatabases/75AF928A.vdb'
[10:29:14, Info   ]: Creating voxel database from 'C:/Users/melsov/Documents/unities/_noodles/CubiqTest/Assets/StreamingAssets/Cubiquity/VoxelDatabases/75AF928A.vdb'
[10:29:23, Info   ]: Creating voxel database from 'C:/Users/melsov/Documents/unities/_noodles/CubiqTest/Assets/StreamingAssets/Cubiquity/VoxelDatabases/AwesomeVolumeName2.vdb'
[10:29:25, Info   ]: Resizing compressed data buffer to 144307bytes. This should only happen once
[10:29:45, Info   ]: Creating voxel database from 'C:/Users/melsov/Documents/unities/_noodles/CubiqTest/Assets/StreamingAssets/Cubiquity/VoxelDatabases/75AF928A.vdb'
[10:51:36, Info   ]: Creating voxel database from 'C:/Users/melsov/Documents/unities/_noodles/CubiqTest/Assets/StreamingAssets/Cubiquity/VoxelDatabases/75AF928A.vdb'
[10:55:14, Info   ]: Creating voxel database from 'C:/Users/melsov/Documents/unities/_noodles/CubiqTest/Assets/StreamingAssets/Cubiquity/VoxelDatabases/75AF928A.vdb'
[11:00:24, Info   ]: Creating voxel database from 'C:/Users/melsov/Documents/unities/_noodles/CubiqTest/Assets/StreamingAssets/Cubiquity/VoxelDatabases/75AF928A.vdb'
[11:00:31, Info   ]: Creating voxel database from 'C:/Users/melsov/Documents/unities/_noodles/CubiqTest/Assets/StreamingAssets/Cubiquity/VoxelDatabases/75AF928A.vdb'
[11:00:39, Info   ]: Creating voxel database from 'C:/Users/melsov/Documents/unities/_noodles/CubiqTest/Assets/StreamingAssets/Cubiquity/VoxelDatabases/75AF928A.vdb'
[11:01:32, Info   ]: Creating voxel database from 'C:/Users/melsov/Documents/unities/_noodles/CubiqTest/Assets/StreamingAssets/Cubiquity/VoxelDatabases/AwesomeVolumeName2.vdb'
[11:01:33, Info   ]: Resizing compressed data buffer to 144307bytes. This should only happen once
[11:01:42, Info   ]: Creating voxel database from 'C:/Users/melsov/Documents/unities/_noodles/CubiqTest/Assets/StreamingAssets/Cubiquity/VoxelDatabases/75AF928A.vdb'
[11:10:27, Info   ]: Creating voxel database from 'C:/Users/melsov/Documents/unities/_noodles/CubiqTest/Assets/StreamingAssets/Cubiquity/VoxelDatabases/75AF928A.vdb'
[11:11:26, Info   ]: Creating empty voxel database as 'C:/Users/melsov/Documents/unities/_noodles/CubiqTest/Assets/StreamingAssets/Cubiquity/VoxelDatabases/AwesomeCubeVolumeName.vdb'
[11:11:28, Info   ]: Resizing compressed data buffer to 144307bytes. This should only happen once
[11:11:41, Info   ]: Creating voxel database from 'C:/Users/melsov/Documents/unities/_noodles/CubiqTest/Assets/StreamingAssets/Cubiquity/VoxelDatabases/75AF928A.vdb'
[11:22:16, Info   ]: Creating voxel database from 'C:/Users/melsov/Documents/unities/_noodles/CubiqTest/Assets/StreamingAssets/Cubiquity/VoxelDatabases/75AF928A.vdb'
[11:37:44, Info   ]: Creating voxel database from 'C:/Users/melsov/Documents/unities/_noodles/CubiqTest/Assets/StreamingAssets/Cubiquity/VoxelDatabases/75AF928A.vdb'
[11:38:07, Info   ]: Creating voxel database from 'C:/Users/melsov/Documents/unities/_noodles/CubiqTest/Assets/StreamingAssets/Cubiquity/VoxelDatabases/75AF928A.vdb'
[11:39:07, Info   ]: Creating voxel database from 'C:/Users/melsov/Documents/unities/_noodles/CubiqTest/Assets/StreamingAssets/Cubiquity/VoxelDatabases/75AF928A.vdb'
[11:39:22, Info   ]: Creating voxel database from 'C:/Users/melsov/Documents/unities/_noodles/CubiqTest/Assets/StreamingAssets/Cubiquity/VoxelDatabases/AwesomeCubeVolumeName.vdb'
[11:39:23, Info   ]: Resizing compressed data buffer to 144307bytes. This should only happen once
[11:39:45, Info   ]: Creating voxel database from 'C:/Users/melsov/Documents/unities/_noodles/CubiqTest/Assets/StreamingAssets/Cubiquity/VoxelDatabases/75AF928A.vdb'
[11:40:26, Info   ]: Creating empty voxel database as 'C:/Users/melsov/Documents/unities/_noodles/CubiqTest/Assets/StreamingAssets/Cubiquity/VoxelDatabases/Solid64.vdb'
[11:40:27, Info   ]: Resizing compressed data buffer to 144307bytes. This should only happen once
[11:40:32, Info   ]: Creating voxel database from 'C:/Users/melsov/Documents/unities/_noodles/CubiqTest/Assets/StreamingAssets/Cubiquity/VoxelDatabases/75AF928A.vdb'
[11:40:50, Info   ]: Creating voxel database from 'C:/Users/melsov/Documents/unities/_noodles/CubiqTest/Assets/StreamingAssets/Cubiquity/VoxelDatabases/Solid64.vdb'
[12:04:36, Info   ]: Creating voxel database from 'C:/Users/melsov/Documents/unities/_noodles/CubiqTest/Assets/StreamingAssets/Cubiquity/VoxelDatabases/Solid64.vdb'
[12:05:04, Info   ]: Creating empty voxel database as 'C:/Users/melsov/Documents/unities/_noodles/CubiqTest/Assets/StreamingAssets/Cubiquity/VoxelDatabases/HeightMapTerrain.vdb'
[12:05:06, Info   ]: Resizing compressed data buffer to 144307bytes. This should only happen once
[12:05:12, Info   ]: Creating voxel database from 'C:/Users/melsov/Documents/unities/_noodles/CubiqTest/Assets/StreamingAssets/Cubiquity/VoxelDatabases/Solid64.vdb'
[12:05:20, Info   ]: Creating voxel database from 'C:/Users/melsov/Documents/unities/_noodles/CubiqTest/Assets/StreamingAssets/Cubiquity/VoxelDatabases/HeightMapTerrain.vdb'
[12:05:22, Info   ]: Resizing compressed data buffer to 144307bytes. This should only happen once
[12:05:26, Info   ]: Creating voxel database from 'C:/Users/melsov/Documents/unities/_noodles/CubiqTest/Assets/StreamingAssets/Cubiquity/VoxelDatabases/Solid64.vdb'
[12:05:53, Info   ]: Creating voxel database from 'C:/Users/melsov/Documents/unities/_noodles/CubiqTest/Assets/StreamingAssets/Cubiquity/VoxelDatabases/HeightMapTerrain.vdb'
[12:05:54, Info   ]: Resizing compressed data buffer to 144307bytes. This should only happen once
[12:06:01, Info   ]: Creating voxel database from 'C:/Users/melsov/Documents/unities/_noodles/CubiqTest/Assets/StreamingAssets/Cubiquity/VoxelDatabases/Solid64.vdb'
[12:06:14, Info   ]: Creating voxel database from 'C:/Users/melsov/Documents/unities/_noodles/CubiqTest/Assets/StreamingAssets/Cubiquity/VoxelDatabases/HeightMapTerrain.vdb'
[12:06:15, Info   ]: Resizing compressed data buffer to 144307bytes. This should only happen once
[12:06:22, Info   ]: Creating voxel database from 'C:/Users/melsov/Documents/unities/_noodles/CubiqTest/Assets/StreamingAssets/Cubiquity/VoxelDatabases/Solid64.vdb'
[12:07:34, Info   ]: Creating voxel database from 'C:/Users/melsov/Documents/unities/_noodles/CubiqTest/Assets/StreamingAssets/Cubiquity/VoxelDatabases/Solid64.vdb'
[12:07:42, Info   ]: Creating voxel database from 'C:/Users/melsov/Documents/unities/_noodles/CubiqTest/Assets/StreamingAssets/Cubiquity/VoxelDatabases/HeightMapTerrain.vdb'
[12:07:43, Info   ]: Resizing compressed data buffer to 144307bytes. This should only happen once
[12:07:48, Info   ]: Creating voxel database from 'C:/Users/melsov/Documents/unities/_noodles/CubiqTest/Assets/StreamingAssets/Cubiquity/VoxelDatabases/Solid64.vdb'
[12:09:00, Info   ]: Creating voxel database from 'C:/Users/melsov/Documents/unities/_noodles/CubiqTest/Assets/StreamingAssets/Cubiquity/VoxelDatabases/HeightMapTerrain.vdb'
[12:09:02, Info   ]: Resizing compressed data buffer to 144307bytes. This should only happen once
[12:09:09, Info   ]: Creating voxel database from 'C:/Users/melsov/Documents/unities/_noodles/CubiqTest/Assets/StreamingAssets/Cubiquity/VoxelDatabases/Solid64.vdb'
[12:09:42, Info   ]: Creating voxel database from 'C:/Users/melsov/Documents/unities/_noodles/CubiqTest/Assets/StreamingAssets/Cubiquity/VoxelDatabases/Solid64.vdb'
[12:09:54, Info   ]: Creating voxel database from 'C:/Users/melsov/Documents/unities/_noodles/CubiqTest/Assets/StreamingAssets/Cubiquity/VoxelDatabases/HeightMapTerrain.vdb'
[12:09:55, Info   ]: Resizing compressed data buffer to 144307bytes. This should only happen once
[12:09:58, Info   ]: Creating voxel database from 'C:/Users/melsov/Documents/unities/_noodles/CubiqTest/Assets/StreamingAssets/Cubiquity/VoxelDatabases/Solid64.vdb'
[12:10:22, Info   ]: Creating voxel database from 'C:/Users/melsov/Documents/unities/_noodles/CubiqTest/Assets/StreamingAssets/Cubiquity/VoxelDatabases/Solid64.vdb'
[12:10:29, Info   ]: Creating voxel database from 'C:/Users/melsov/Documents/unities/_noodles/CubiqTest/Assets/StreamingAssets/Cubiquity/VoxelDatabases/HeightMapTerrain.vdb'
[12:10:30, Info   ]: Resizing compressed data buffer to 144307bytes. This should only happen once
[12:10:44, Info   ]: Creating voxel database from 'C:/Users/melsov/Documents/unities/_noodles/CubiqTest/Assets/StreamingAssets/Cubiquity/VoxelDatabases/Solid64.vdb'
[12:11:52, Info   ]: Creating voxel database from 'C:/Users/melsov/Documents/unities/_noodles/CubiqTest/Assets/StreamingAssets/Cubiquity/VoxelDatabases/Solid64.vdb'
[12:11:58, Info   ]: Creating voxel database from 'C:/Users/melsov/Documents/unities/_noodles/CubiqTest/Assets/StreamingAssets/Cubiquity/VoxelDatabases/HeightMapTerrain.vdb'
[12:11:59, Info   ]: Resizing compressed data buffer to 144307bytes. This should only happen once
[12:12:05, Info   ]: Creating voxel database from 'C:/Users/melsov/Documents/unities/_noodles/CubiqTest/Assets/StreamingAssets/Cubiquity/VoxelDatabases/Solid64.vdb'
[12:13:08, Info   ]: Creating voxel database from 'C:/Users/melsov/Documents/unities/_noodles/CubiqTest/Assets/StreamingAssets/Cubiquity/VoxelDatabases/Solid64.vdb'
[12:13:17, Info   ]: Creating voxel database from 'C:/Users/melsov/Documents/unities/_noodles/CubiqTest/Assets/StreamingAssets/Cubiquity/VoxelDatabases/HeightMapTerrain.vdb'
[12:13:18, Info   ]: Resizing compressed data buffer to 144307bytes. This should only happen once
[12:13:29, Info   ]: Creating voxel database from 'C:/Users/melsov/Documents/unities/_noodles/CubiqTest/Assets/StreamingAssets/Cubiquity/VoxelDatabases/Solid64.vdb'
[12:14:06, Info   ]: Creating voxel database from 'C:/Users/melsov/Documents/unities/_noodles/CubiqTest/Assets/StreamingAssets/Cubiquity/VoxelDatabases/HeightMapTerrain.vdb'
[12:14:07, Info   ]: Resizing compressed data buffer to 144307bytes. This should only happen once
[12:14:49, Info   ]: Creating voxel database from 'C:/Users/melsov/Documents/unities/_noodles/CubiqTest/Assets/StreamingAssets/Cubiquity/VoxelDatabases/Solid64.vdb'
[12:17:00, Info   ]: Creating voxel database from 'C:/Users/melsov/Documents/unities/_noodles/CubiqTest/Assets/StreamingAssets/Cubiquity/VoxelDatabases/Solid64.vdb'
[12:19:37, Info   ]: Creating voxel database from 'C:/Users/melsov/Documents/unities/_noodles/CubiqTest/Assets/StreamingAssets/Cubiquity/VoxelDatabases/Solid64.vdb'
[12:23:07, Info   ]: Creating voxel database from 'C:/Users/melsov/Documents/unities/_noodles/CubiqTest/Assets/StreamingAssets/Cubiquity/VoxelDatabases/Solid64.vdb'
[12:23:11, Info   ]: Creating voxel database from 'C:/Users/melsov/Documents/unities/_noodles/CubiqTest/Assets/StreamingAssets/Cubiquity/VoxelDatabases/HeightMapTerrain.vdb'
[12:23:12, Info   ]: Resizing compressed data buffer to 144307bytes. This should only happen once
[12:23:28, Info   ]: Creating voxel database from 'C:/Users/melsov/Documents/unities/_noodles/CubiqTest/Assets/StreamingAssets/Cubiquity/VoxelDatabases/Solid64.vdb'
[12:28:00, Info   ]: Creating voxel database from 'C:/Users/melsov/Documents/unities/_noodles/CubiqTest/Assets/StreamingAssets/Cubiquity/VoxelDatabases/Solid64.vdb'
[12:28:04, Info   ]: Creating voxel database from 'C:/Users/melsov/Documents/unities/_noodles/CubiqTest/Assets/StreamingAssets/Cubiquity/VoxelDatabases/HeightMapTerrain.vdb'
[12:28:06, Info   ]: Resizing compressed data buffer to 144307bytes. This should only happen once
[12:28:19, Info   ]: Creating voxel database from 'C:/Users/melsov/Documents/unities/_noodles/CubiqTest/Assets/StreamingAssets/Cubiquity/VoxelDatabases/Solid64.vdb'
[12:28:27, Info   ]: Creating voxel database from 'C:/Users/melsov/Documents/unities/_noodles/CubiqTest/Assets/StreamingAssets/Cubiquity/VoxelDatabases/HeightMapTerrain.vdb'
[12:28:28, Info   ]: Resizing compressed data buffer to 144307bytes. This should only happen once
[12:28:34, Info   ]: Creating voxel database from 'C:/Users/melsov/Documents/unities/_noodles/CubiqTest/Assets/StreamingAssets/Cubiquity/VoxelDatabases/Solid64.vdb'
[12:28:52, Info   ]: Creating voxel database from 'C:/Users/melsov/Documents/unities/_noodles/CubiqTest/Assets/StreamingAssets/Cubiquity/VoxelDatabases/HeightMapTerrain.vdb'
[12:28:53, Info   ]: Resizing compressed data buffer to 144307bytes. This should only happen once
[12:29:24, Info   ]: Creating voxel database from 'C:/Users/melsov/Documents/unities/_noodles/CubiqTest/Assets/StreamingAssets/Cubiquity/VoxelDatabases/Solid64.vdb'
[12:30:00, Info   ]: Creating voxel database from 'C:/Users/melsov/Documents/unities/_noodles/CubiqTest/Assets/StreamingAssets/Cubiquity/VoxelDatabases/Solid64.vdb'
[12:30:14, Info   ]: Creating voxel database from 'C:/Users/melsov/Documents/unities/_noodles/CubiqTest/Assets/StreamingAssets/Cubiquity/VoxelDatabases/HeightMapTerrain.vdb'
[12:30:15, Info   ]: Resizing compressed data buffer to 144307bytes. This should only happen once
[12:30:34, Info   ]: Creating voxel database from 'C:/Users/melsov/Documents/unities/_noodles/CubiqTest/Assets/StreamingAssets/Cubiquity/VoxelDatabases/Solid64.vdb'
[12:30:46, Info   ]: Creating voxel database from 'C:/Users/melsov/Documents/unities/_noodles/CubiqTest/Assets/StreamingAssets/Cubiquity/VoxelDatabases/HeightMapTerrain.vdb'
[12:30:47, Info   ]: Resizing compressed data buffer to 144307bytes. This should only happen once
[12:32:37, Info   ]: Creating voxel database from 'C:/Users/melsov/Documents/unities/_noodles/CubiqTest/Assets/StreamingAssets/Cubiquity/VoxelDatabases/Solid64.vdb'
[12:33:54, Info   ]: Creating voxel database from 'C:/Users/melsov/Documents/unities/_noodles/CubiqTest/Assets/StreamingAssets/Cubiquity/VoxelDatabases/HeightMapTerrain.vdb'
[12:33:55, Info   ]: Resizing compressed data buffer to 144307bytes. This should only happen once
[12:34:25, Info   ]: Creating voxel database from 'C:/Users/melsov/Documents/unities/_noodles/CubiqTest/Assets/StreamingAssets/Cubiquity/VoxelDatabases/Solid64.vdb'
[12:35:09, Info   ]: Creating voxel database from 'C:/Users/melsov/Documents/unities/_noodles/CubiqTest/Assets/StreamingAssets/Cubiquity/VoxelDatabases/HeightMapTerrain.vdb'
[12:35:11, Info   ]: Resizing compressed data buffer to 144307bytes. This should only happen once
[12:35:38, Info   ]: Creating voxel database from 'C:/Users/melsov/Documents/unities/_noodles/CubiqTest/Assets/StreamingAssets/Cubiquity/VoxelDatabases/Solid64.vdb'
[12:36:43, Info   ]: Creating voxel database from 'C:/Users/melsov/Documents/unities/_noodles/CubiqTest/Assets/StreamingAssets/Cubiquity/VoxelDatabases/HeightMapTerrain.vdb'
[12:36:44, Info   ]: Resizing compressed data buffer to 144307bytes. This should only happen once
[12:37:16, Info   ]: Creating voxel database from 'C:/Users/melsov/Documents/unities/_noodles/CubiqTest/Assets/StreamingAssets/Cubiquity/VoxelDatabases/Solid64.vdb'
[12:38:31, Info   ]: Creating voxel database from 'C:/Users/melsov/Documents/unities/_noodles/CubiqTest/Assets/StreamingAssets/Cubiquity/VoxelDatabases/HeightMapTerrain.vdb'
[12:38:32, Info   ]: Resizing compressed data buffer to 144307bytes. This should only happen once
[12:38:59, Info   ]: Creating voxel database from 'C:/Users/melsov/Documents/unities/_noodles/CubiqTest/Assets/StreamingAssets/Cubiquity/VoxelDatabases/Solid64.vdb'
[12:39:08, Info   ]: Creating voxel database from 'C:/Users/melsov/Documents/unities/_noodles/CubiqTest/Assets/StreamingAssets/Cubiquity/VoxelDatabases/HeightMapTerrain.vdb'
[12:39:09, Info   ]: Resizing compressed data buffer to 144307bytes. This should only happen once
[12:39:38, Info   ]: Creating voxel database from 'C:/Users/melsov/Documents/unities/_noodles/CubiqTest/Assets/StreamingAssets/Cubiquity/VoxelDatabases/Solid64.vdb'
[12:40:06, Info   ]: Creating voxel database from 'C:/Users/melsov/Documents/unities/_noodles/CubiqTest/Assets/StreamingAssets/Cubiquity/VoxelDatabases/HeightMapTerrain.vdb'
[12:40:07, Info   ]: Resizing compressed data buffer to 144307bytes. This should only happen once
[12:40:43, Info   ]: Creating voxel database from 'C:/Users/melsov/Documents/unities/_noodles/CubiqTest/Assets/StreamingAssets/Cubiquity/VoxelDatabases/Solid64.vdb'
[12:43:01, Info   ]: Creating voxel database from 'C:/Users/melsov/Documents/unities/_noodles/CubiqTest/Assets/StreamingAssets/Cubiquity/VoxelDatabases/Solid64.vdb'
[12:43:14, Info   ]: Creating voxel database from 'C:/Users/melsov/Documents/unities/_noodles/CubiqTest/Assets/StreamingAssets/Cubiquity/VoxelDatabases/HeightMapTerrain.vdb'
[12:43:15, Info   ]: Resizing compressed data buffer to 144307bytes. This should only happen once
[12:43:51, Info   ]: Creating voxel database from 'C:/Users/melsov/Documents/unities/_noodles/CubiqTest/Assets/StreamingAssets/Cubiquity/VoxelDatabases/Solid64.vdb'
[12:44:51, Info   ]: Creating voxel database from 'C:/Users/melsov/Documents/unities/_noodles/CubiqTest/Assets/StreamingAssets/Cubiquity/VoxelDatabases/Solid64.vdb'
[12:45:48, Info   ]: Creating voxel database from 'C:/Users/melsov/Documents/unities/_noodles/CubiqTest/Assets/StreamingAssets/Cubiquity/VoxelDatabases/HeightMapTerrain.vdb'
[12:45:49, Info   ]: Resizing compressed data buffer to 144307bytes. This should only happen once
[12:46:33, Info   ]: Creating voxel database from 'C:/Users/melsov/Documents/unities/_noodles/CubiqTest/Assets/StreamingAssets/Cubiquity/VoxelDatabases/Solid64.vdb'
[12:47:12, Info   ]: Creating voxel database from 'C:/Users/melsov/Documents/unities/_noodles/CubiqTest/Assets/StreamingAssets/Cubiquity/VoxelDatabases/Solid64.vdb'
[12:47:20, Info   ]: Creating voxel database from 'C:/Users/melsov/Documents/unities/_noodles/CubiqTest/Assets/StreamingAssets/Cubiquity/VoxelDatabases/HeightMapTerrain.vdb'
[12:47:21, Info   ]: Resizing compressed data buffer to 144307bytes. This should only happen once
[12:48:21, Info   ]: Creating voxel database from 'C:/Users/melsov/Documents/unities/_noodles/CubiqTest/Assets/StreamingAssets/Cubiquity/VoxelDatabases/Solid64.vdb'
[12:48:53, Info   ]: Creating voxel database from 'C:/Users/melsov/Documents/unities/_noodles/CubiqTest/Assets/StreamingAssets/Cubiquity/VoxelDatabases/HeightMapTerrain.vdb'
[12:48:54, Info   ]: Resizing compressed data buffer to 144307bytes. This should only happen once
[12:49:42, Info   ]: Creating voxel database from 'C:/Users/melsov/Documents/unities/_noodles/CubiqTest/Assets/StreamingAssets/Cubiquity/VoxelDatabases/Solid64.vdb'
[12:50:45, Info   ]: Creating voxel database from 'C:/Users/melsov/Documents/unities/_noodles/CubiqTest/Assets/StreamingAssets/Cubiquity/VoxelDatabases/HeightMapTerrain.vdb'
[12:50:46, Info   ]: Resizing compressed data buffer to 144307bytes. This should only happen once
[12:51:27, Info   ]: Creating voxel database from 'C:/Users/melsov/Documents/unities/_noodles/CubiqTest/Assets/StreamingAssets/Cubiquity/VoxelDatabases/Solid64.vdb'
[12:52:02, Info   ]: Creating voxel database from 'C:/Users/melsov/Documents/unities/_noodles/CubiqTest/Assets/StreamingAssets/Cubiquity/VoxelDatabases/HeightMapTerrain.vdb'
[12:52:03, Info   ]: Resizing compressed data buffer to 144307bytes. This should only happen once
[12:53:07, Info   ]: Creating voxel database from 'C:/Users/melsov/Documents/unities/_noodles/CubiqTest/Assets/StreamingAssets/Cubiquity/VoxelDatabases/Solid64.vdb'
[12:54:53, Info   ]: Creating voxel database from 'C:/Users/melsov/Documents/unities/_noodles/CubiqTest/Assets/StreamingAssets/Cubiquity/VoxelDatabases/Solid64.vdb'
[12:54:57, Info   ]: Creating voxel database from 'C:/Users/melsov/Documents/unities/_noodles/CubiqTest/Assets/StreamingAssets/Cubiquity/VoxelDatabases/HeightMapTerrain.vdb'
[12:54:58, Info   ]: Resizing compressed data buffer to 144307bytes. This should only happen once
[12:55:10, Info   ]: Creating voxel database from 'C:/Users/melsov/Documents/unities/_noodles/CubiqTest/Assets/StreamingAssets/Cubiquity/VoxelDatabases/Solid64.vdb'
[12:55:26, Info   ]: Creating voxel database from 'C:/Users/melsov/Documents/unities/_noodles/CubiqTest/Assets/StreamingAssets/Cubiquity/VoxelDatabases/HeightMapTerrain.vdb'
[12:55:27, Info   ]: Resizing compressed data buffer to 144307bytes. This should only happen once
[12:56:06, Info   ]: Creating voxel database from 'C:/Users/melsov/Documents/unities/_noodles/CubiqTest/Assets/StreamingAssets/Cubiquity/VoxelDatabases/Solid64.vdb'
[12:56:32, Info   ]: Creating voxel database from 'C:/Users/melsov/Documents/unities/_noodles/CubiqTest/Assets/StreamingAssets/Cubiquity/VoxelDatabases/HeightMapTerrain.vdb'
[12:56:34, Info   ]: Resizing compressed data buffer to 144307bytes. This should only happen once
[12:57:51, Info   ]: Creating voxel database from 'C:/Users/melsov/Documents/unities/_noodles/CubiqTest/Assets/StreamingAssets/Cubiquity/VoxelDatabases/Solid64.vdb'
[13:03:19, Info   ]: Creating voxel database from 'C:/Users/melsov/Documents/unities/_noodles/CubiqTest/Assets/StreamingAssets/Cubiquity/VoxelDatabases/HeightMapTerrain.vdb'
[13:03:20, Info   ]: Resizing compressed data buffer to 144307bytes. This should only happen once
[13:03:24, Info   ]: Creating voxel database from 'C:/Users/melsov/Documents/unities/_noodles/CubiqTest/Assets/StreamingAssets/Cubiquity/VoxelDatabases/Solid64.vdb'
[13:03:36, Info   ]: Creating voxel database from 'C:/Users/melsov/Documents/unities/_noodles/CubiqTest/Assets/StreamingAssets/Cubiquity/VoxelDatabases/HeightMapTerrain.vdb'
[13:03:37, Info   ]: Resizing compressed data buffer to 144307bytes. This should only happen once
[13:05:06, Info   ]: Creating voxel database from 'C:/Users/melsov/Documents/unities/_noodles/CubiqTest/Assets/StreamingAssets/Cubiquity/VoxelDatabases/Solid64.vdb'
